node : node:internal/
modules/cjs/loader:14
24
In riga:1 car:1
+ node server.js 
2>&1 | Out-File 
-FilePath crash.log 
-Encoding utf8
+ ~~~~~~~~~~~~~~~~~~~
    + CategoryInfo   
           : NotSpe  
  cified: (node:in   
 ternal/modules/c    
js/loader:1424:S    
tring) [], Remot    
eException
    + FullyQualified 
   ErrorId : Native  
  CommandError
 
  throw err;
  ^

Error: Cannot find 
module 
'../models/Log'
Require stack:
- C:\Users\utente\One
Drive - Universit├á 
di Napoli Federico 
II\Nuova cartella\Des
ktop\honeypot-securit
y\honeypot-security\b
ackend\src\honeypot\u
tils\Classifier.js
- C:\Users\utente\One
Drive - Universit├á 
di Napoli Federico 
II\Nuova cartella\Des
ktop\honeypot-securit
y\honeypot-security\b
ackend\src\honeypot\m
iddleware\requestCapt
ure.js
- C:\Users\utente\One
Drive - Universit├á 
di Napoli Federico 
II\Nuova cartella\Des
ktop\honeypot-securit
y\honeypot-security\b
ackend\src\honeypot\i
ndex.js
- C:\Users\utente\One
Drive - Universit├á 
di Napoli Federico 
II\Nuova cartella\Des
ktop\honeypot-securit
y\honeypot-security\b
ackend\server.js
    at Module._resolv
eFilename (node:inter
nal/modules/cjs/loade
r:1421:15)
    at 
defaultResolveImpl (n
ode:internal/modules/
cjs/loader:1059:19)
    at resolveForCJSW
ithHooks (node:intern
al/modules/cjs/loader
:1064:22)
    at Module._load (
node:internal/modules
/cjs/loader:1227:37)
    at TracingChannel
.traceSync (node:diag
nostics_channel:328:1
4)
    at 
wrapModuleLoad (node:
internal/modules/cjs/
loader:245:24)
    at 
Module.require (node:
internal/modules/cjs/
loader:1504:12)
    at require (node:
internal/modules/help
ers:152:16)
    at 
Object.<anonymous> (C
:\Users\utente\OneDri
ve - Universit├á di 
Napoli Federico 
II\Nuova cartella\Des
ktop\honeypot-securit
y\honeypot-security\b
ackend\src\honeypot\u
tils\Classifier.js:1:
13)
    at 
Module._compile (node
:internal/modules/cjs
/loader:1761:14) {
  code: 
'MODULE_NOT_FOUND',
  requireStack: [
    'C:\\Users\\utent
e\\OneDrive - 
Universit├á di 
Napoli Federico 
II\\Nuova cartella\\D
esktop\\honeypot-secu
rity\\honeypot-securi
ty\\backend\\src\\hon
eypot\\utils\\Classif
ier.js',
    'C:\\Users\\utent
e\\OneDrive - 
Universit├á di 
Napoli Federico 
II\\Nuova cartella\\D
esktop\\honeypot-secu
rity\\honeypot-securi
ty\\backend\\src\\hon
eypot\\middleware\\re
questCapture.js',
    'C:\\Users\\utent
e\\OneDrive - 
Universit├á di 
Napoli Federico 
II\\Nuova cartella\\D
esktop\\honeypot-secu
rity\\honeypot-securi
ty\\backend\\src\\hon
eypot\\index.js',
    'C:\\Users\\utent
e\\OneDrive - 
Universit├á di 
Napoli Federico 
II\\Nuova cartella\\D
esktop\\honeypot-secu
rity\\honeypot-securi
ty\\backend\\server.j
s'
  ]
}

Node.js v24.12.0
